0 info it worked if it ends with ok
1 verbose cli [ 'node', '/usr/bin/npm', 'update' ]
2 info using npm@2.0.0
3 info using node@v0.10.32
4 verbose mapToRegistry name react
5 verbose mapToRegistry uri https://registry.npmjs.org/react
6 verbose mapToRegistry name jsx-loader
7 verbose mapToRegistry uri https://registry.npmjs.org/jsx-loader
8 verbose mapToRegistry name webpack
9 verbose mapToRegistry uri https://registry.npmjs.org/webpack
10 verbose request on initialization, where is /jsx-loader
11 verbose request after pass 1, where is /jsx-loader
12 verbose request url raw /jsx-loader
13 verbose request resolving registry [ 'https://registry.npmjs.org/', './jsx-loader' ]
14 verbose request after pass 2, where is https://registry.npmjs.org/jsx-loader
15 verbose request no auth needed
16 info attempt registry request try #1 at 03:00:07
17 verbose request id b08afc3e8a266f43
18 verbose etag "98UTKCJRIR8Q8EEW82OYBBKU8"
19 http request GET https://registry.npmjs.org/jsx-loader
20 verbose request on initialization, where is /react
21 verbose request after pass 1, where is /react
22 verbose request url raw /react
23 verbose request resolving registry [ 'https://registry.npmjs.org/', './react' ]
24 verbose request after pass 2, where is https://registry.npmjs.org/react
25 verbose request no auth needed
26 info attempt registry request try #1 at 03:00:07
27 verbose etag "1AKHYUV5E8LVDQBOY75QMWZ0V"
28 http request GET https://registry.npmjs.org/react
29 verbose request on initialization, where is /webpack
30 verbose request after pass 1, where is /webpack
31 verbose request url raw /webpack
32 verbose request resolving registry [ 'https://registry.npmjs.org/', './webpack' ]
33 verbose request after pass 2, where is https://registry.npmjs.org/webpack
34 verbose request no auth needed
35 info attempt registry request try #1 at 03:00:07
36 verbose etag "BELEN1KBEQHBP7D53C9801XNI"
37 http request GET https://registry.npmjs.org/webpack
38 http 304 https://registry.npmjs.org/jsx-loader
39 silly registry.get cb [ 304,
39 silly registry.get   { date: 'Sat, 25 Oct 2014 01:00:07 GMT',
39 silly registry.get     server: 'Apache',
39 silly registry.get     via: '1.1 varnish',
39 silly registry.get     'last-modified': 'Sat, 25 Oct 2014 01:00:07 GMT',
39 silly registry.get     'cache-control': 'max-age=60',
39 silly registry.get     etag: '"98UTKCJRIR8Q8EEW82OYBBKU8"',
39 silly registry.get     age: '0',
39 silly registry.get     'x-served-by': 'cache-ams4131-AMS',
39 silly registry.get     'x-cache': 'MISS',
39 silly registry.get     'x-cache-hits': '0',
39 silly registry.get     'x-timer': 'S1414198807.534887,VS0,VE176',
39 silly registry.get     vary: 'Accept',
39 silly registry.get     'content-length': '0',
39 silly registry.get     'keep-alive': 'timeout=10, max=50',
39 silly registry.get     connection: 'Keep-Alive' } ]
40 verbose etag https://registry.npmjs.org/jsx-loader from cache
41 http 200 https://registry.npmjs.org/react
42 silly registry.get cb [ 200,
42 silly registry.get   { date: 'Sat, 25 Oct 2014 01:00:08 GMT',
42 silly registry.get     server: 'CouchDB/1.5.0 (Erlang OTP/R16B03)',
42 silly registry.get     etag: '"CMUZT86RRRSQVELPMWTREYJ94"',
42 silly registry.get     'content-type': 'application/json',
42 silly registry.get     'cache-control': 'max-age=60',
42 silly registry.get     'content-length': '42513',
42 silly registry.get     'accept-ranges': 'bytes',
42 silly registry.get     via: '1.1 varnish',
42 silly registry.get     age: '0',
42 silly registry.get     'x-served-by': 'cache-ams4120-AMS',
42 silly registry.get     'x-cache': 'HIT',
42 silly registry.get     'x-cache-hits': '1',
42 silly registry.get     'x-timer': 'S1414198807.534821,VS0,VE650',
42 silly registry.get     vary: 'Accept',
42 silly registry.get     'keep-alive': 'timeout=10, max=50',
42 silly registry.get     connection: 'Keep-Alive' } ]
43 verbose cache add [ 'react', '~0.12.0' ]
44 verbose cache add spec="react@~0.12.0" args=["react","~0.12.0"]
45 verbose parsed spec { raw: 'react@~0.12.0',
45 verbose parsed spec   scope: null,
45 verbose parsed spec   name: 'react',
45 verbose parsed spec   rawSpec: '~0.12.0',
45 verbose parsed spec   spec: '>=0.12.0 <0.13.0',
45 verbose parsed spec   type: 'range' }
46 verbose parsed spec { raw: 'react@~0.12.0',
46 verbose parsed spec   scope: null,
46 verbose parsed spec   name: 'react',
46 verbose parsed spec   rawSpec: '~0.12.0',
46 verbose parsed spec   spec: '>=0.12.0 <0.13.0',
46 verbose parsed spec   type: 'range' }
47 verbose addNamed [ 'react', '>=0.12.0 <0.13.0' ]
48 verbose addNamed [ null, '>=0.12.0 <0.13.0' ]
49 silly lockFile 7b093bb9-react-0-12-0-0-13-0 react@>=0.12.0 <0.13.0
50 verbose lock react@>=0.12.0 <0.13.0 /home/ludovico/.npm/7b093bb9-react-0-12-0-0-13-0.lock
51 silly addNameRange { name: 'react', range: '>=0.12.0 <0.13.0', hasData: false }
52 verbose mapToRegistry name react
53 verbose mapToRegistry uri https://registry.npmjs.org/react
54 verbose registry.get https://registry.npmjs.org/react not expired, no request
55 silly addNameRange number 2 { name: 'react', range: '>=0.12.0 <0.13.0', hasData: true }
56 silly addNameRange versions [ 'react',
56 silly addNameRange   [ '0.0.1',
56 silly addNameRange     '0.0.2',
56 silly addNameRange     '0.0.3',
56 silly addNameRange     '0.1.2',
56 silly addNameRange     '0.2.0',
56 silly addNameRange     '0.2.1',
56 silly addNameRange     '0.2.2',
56 silly addNameRange     '0.2.3',
56 silly addNameRange     '0.2.4',
56 silly addNameRange     '0.2.5',
56 silly addNameRange     '0.2.6',
56 silly addNameRange     '0.3.0',
56 silly addNameRange     '0.3.4',
56 silly addNameRange     '0.3.5',
56 silly addNameRange     '0.5.0',
56 silly addNameRange     '0.5.1',
56 silly addNameRange     '0.5.2',
56 silly addNameRange     '0.6.0',
56 silly addNameRange     '0.6.1',
56 silly addNameRange     '0.6.2',
56 silly addNameRange     '0.6.3',
56 silly addNameRange     '0.7.0',
56 silly addNameRange     '0.7.1',
56 silly addNameRange     '0.8.0',
56 silly addNameRange     '0.9.0-rc1',
56 silly addNameRange     '0.9.0',
56 silly addNameRange     '0.10.0-rc1',
56 silly addNameRange     '0.10.0',
56 silly addNameRange     '0.11.0-rc1',
56 silly addNameRange     '0.11.0',
56 silly addNameRange     '0.11.1',
56 silly addNameRange     '0.11.2',
56 silly addNameRange     '0.12.0-rc1' ] ]
57 silly lockFile 7b093bb9-react-0-12-0-0-13-0 react@>=0.12.0 <0.13.0
58 silly lockFile 7b093bb9-react-0-12-0-0-13-0 react@>=0.12.0 <0.13.0
59 http 200 https://registry.npmjs.org/webpack
60 silly registry.get cb [ 200,
60 silly registry.get   { date: 'Sat, 25 Oct 2014 01:00:08 GMT',
60 silly registry.get     server: 'CouchDB/1.5.0 (Erlang OTP/R14B04)',
60 silly registry.get     etag: '"1J7LIK3TA5CCNZJ6QDKET44AX"',
60 silly registry.get     'content-type': 'application/json',
60 silly registry.get     'cache-control': 'max-age=60',
60 silly registry.get     'content-length': '558579',
60 silly registry.get     'accept-ranges': 'bytes',
60 silly registry.get     via: '1.1 varnish',
60 silly registry.get     age: '1',
60 silly registry.get     'x-served-by': 'cache-ams4142-AMS',
60 silly registry.get     'x-cache': 'MISS',
60 silly registry.get     'x-cache-hits': '0',
60 silly registry.get     'x-timer': 'S1414198807.546424,VS0,VE755',
60 silly registry.get     vary: 'Accept',
60 silly registry.get     'keep-alive': 'timeout=10, max=50',
60 silly registry.get     connection: 'Keep-Alive' } ]
61 info outdated updating [ [ '/home/ludovico/projects/reactbook/samplecode/chapter1',
61 info outdated     'jsx-loader',
61 info outdated     '0.11.0',
61 info outdated     '0.11.2',
61 info outdated     '0.11.2',
61 info outdated     '~0.11.2' ],
61 info outdated   [ '/home/ludovico/projects/reactbook/samplecode/chapter1',
61 info outdated     'webpack',
61 info outdated     '1.4.0-beta2',
61 info outdated     '1.4.8',
61 info outdated     '1.4.8',
61 info outdated     '~1.4.8' ] ]
62 verbose stack Error: No compatible version found: react@'>=0.12.0 <0.13.0'
62 verbose stack Valid install targets:
62 verbose stack ["0.10.0-rc1","0.11.0-rc1","0.0.1","0.0.2","0.0.3","0.1.2","0.2.0","0.2.1","0.2.2","0.2.3","0.2.4","0.2.5","0.2.6","0.3.0","0.3.4","0.3.5","0.5.0","0.5.1","0.5.2","0.6.0","0.6.1","0.6.2","0.6.3","0.7.0","0.7.1","0.8.0","0.9.0-rc1","0.9.0","0.10.0-rc1","0.10.0","0.11.0-rc1","0.11.0","0.11.1","0.11.2","0.12.0-rc1"]
62 verbose stack
62 verbose stack     at installTargetsError (/usr/lib/node_modules/npm/lib/cache/add-named.js:258:12)
62 verbose stack     at next (/usr/lib/node_modules/npm/lib/cache/add-named.js:237:17)
62 verbose stack     at setData (/usr/lib/node_modules/npm/lib/cache/add-named.js:214:5)
62 verbose stack     at RegClient.get_ (/usr/lib/node_modules/npm/node_modules/npm-registry-client/lib/get.js:130:14)
62 verbose stack     at RegClient.<anonymous> (/usr/lib/node_modules/npm/node_modules/npm-registry-client/lib/get.js:49:12)
62 verbose stack     at evalmachine.<anonymous>:271:14
62 verbose stack     at /usr/lib/node_modules/npm/node_modules/graceful-fs/graceful-fs.js:102:5
62 verbose stack     at Object.oncomplete (evalmachine.<anonymous>:107:15)
63 verbose cwd /home/ludovico/projects/reactbook/samplecode/chapter1
64 error Linux 3.16.6-200.fc20.x86_64
65 error argv "node" "/usr/bin/npm" "update"
66 error node v0.10.32
67 error npm  v2.0.0
68 error code ETARGET
69 error notarget No compatible version found: react@'>=0.12.0 <0.13.0'
69 error notarget Valid install targets:
69 error notarget ["0.10.0-rc1","0.11.0-rc1","0.0.1","0.0.2","0.0.3","0.1.2","0.2.0","0.2.1","0.2.2","0.2.3","0.2.4","0.2.5","0.2.6","0.3.0","0.3.4","0.3.5","0.5.0","0.5.1","0.5.2","0.6.0","0.6.1","0.6.2","0.6.3","0.7.0","0.7.1","0.8.0","0.9.0-rc1","0.9.0","0.10.0-rc1","0.10.0","0.11.0-rc1","0.11.0","0.11.1","0.11.2","0.12.0-rc1"]
69 error notarget
69 error notarget This is most likely not a problem with npm itself.
69 error notarget In most cases you or one of your dependencies are requesting
69 error notarget a package version that doesn't exist.
70 verbose exit [ 1, true ]
